Copyright 1986-2019 Xilinx, Inc. All Rights Reserved.
------------------------------------------------------------------------------------
| Tool Version : Vivado v.2019.1 (win64) Build 2552052 Fri May 24 14:49:42 MDT 2019
| Date         : Mon Apr 27 02:26:57 2020
| Host         : DESKTOP-7HKPNHK running 64-bit major release  (build 9200)
| Command      : upgrade_ip
| Device       : xc7z020clg400-1
------------------------------------------------------------------------------------

Upgrade Log for IP 'design_1_xlconcat_0_0'

1. Summary
----------

SUCCESS in the conversion of design_1_xlconcat_0_0 (xilinx.com:ip:xlconcat:2.1 (Rev. 3)) to Vivado generation flows.






Copyright 1986-2019 Xilinx, Inc. All Rights Reserved.
------------------------------------------------------------------------------------
| Tool Version : Vivado v.2019.1 (win64) Build 2552052 Fri May 24 14:49:42 MDT 2019
| Date         : Mon Apr 27 02:26:57 2020
| Host         : DESKTOP-7HKPNHK running 64-bit major release  (build 9200)
| Command      : upgrade_ip
| Device       : xc7z020clg400-1
------------------------------------------------------------------------------------

Upgrade Log for IP 'design_1_xfft_0_0'

1. Summary
----------

SUCCESS in the conversion of design_1_xfft_0_0 (xilinx.com:ip:xfft:9.1 (Rev. 2)) to Vivado generation flows.






Copyright 1986-2019 Xilinx, Inc. All Rights Reserved.
------------------------------------------------------------------------------------
| Tool Version : Vivado v.2019.1 (win64) Build 2552052 Fri May 24 14:49:42 MDT 2019
| Date         : Mon Apr 27 02:26:57 2020
| Host         : DESKTOP-7HKPNHK running 64-bit major release  (build 9200)
| Command      : upgrade_ip
| Device       : xc7z020clg400-1
------------------------------------------------------------------------------------

Upgrade Log for IP 'design_1_processing_system7_0_0'

1. Summary
----------

SUCCESS in the conversion of design_1_processing_system7_0_0 (xilinx.com:ip:processing_system7:5.5 (Rev. 6)) to Vivado generation flows.

2. Upgrade messages
-------------------

WARNING: upgrade cannot add parameter PCW_TRACE_INTERNAL_WIDTH with default value 32 : a parameter called PCW_TRACE_INTERNAL_WIDTH already exists in processing_system7_v5_5
WARNING: upgrade cannot add parameter PCW_USE_AXI_NONSECURE with default value 0 : a parameter called PCW_USE_AXI_NONSECURE already exists in processing_system7_v5_5
WARNING: upgrade cannot add parameter PCW_EN_PTP_ENET0 with default value 1 : a parameter called PCW_EN_PTP_ENET0 already exists in processing_system7_v5_5
WARNING: upgrade cannot add parameter PCW_EN_PTP_ENET0 with default value 1 : a parameter called PCW_EN_PTP_ENET0 already exists in processing_system7_v5_5
WARNING: upgrade cannot add parameter PCW_GP0_NUM_WRITE_THREADS with default value 4 : a parameter called PCW_GP0_NUM_WRITE_THREADS already exists in processing_system7_v5_5
WARNING: upgrade cannot add parameter PCW_GP0_NUM_READ_THREADS with default value 4 : a parameter called PCW_GP0_NUM_READ_THREADS already exists in processing_system7_v5_5
WARNING: upgrade cannot add parameter PCW_GP1_NUM_WRITE_THREADS with default value 4 : a parameter called PCW_GP1_NUM_WRITE_THREADS already exists in processing_system7_v5_5
WARNING: upgrade cannot add parameter PCW_GP1_NUM_READ_THREADS with default value 4 : a parameter called PCW_GP1_NUM_READ_THREADS already exists in processing_system7_v5_5
WARNING: upgrade cannot add parameter PCW_GP0_EN_MODIFIABLE_TXN with default value 0 : a parameter called PCW_GP0_EN_MODIFIABLE_TXN already exists in processing_system7_v5_5
WARNING: upgrade cannot add parameter PCW_GP1_EN_MODIFIABLE_TXN with default value 0 : a parameter called PCW_GP1_EN_MODIFIABLE_TXN already exists in processing_system7_v5_5






Copyright 1986-2019 Xilinx, Inc. All Rights Reserved.
------------------------------------------------------------------------------------
| Tool Version : Vivado v.2019.1 (win64) Build 2552052 Fri May 24 14:49:42 MDT 2019
| Date         : Mon Apr 27 02:26:57 2020
| Host         : DESKTOP-7HKPNHK running 64-bit major release  (build 9200)
| Command      : upgrade_ip
| Device       : xc7z020clg400-1
------------------------------------------------------------------------------------

Upgrade Log for IP 'design_1_proc_sys_reset_0_0'

1. Summary
----------

SUCCESS in the conversion of design_1_proc_sys_reset_0_0 (xilinx.com:ip:proc_sys_reset:5.0 (Rev. 13)) to Vivado generation flows.






Copyright 1986-2019 Xilinx, Inc. All Rights Reserved.
------------------------------------------------------------------------------------
| Tool Version : Vivado v.2019.1 (win64) Build 2552052 Fri May 24 14:49:42 MDT 2019
| Date         : Mon Apr 27 02:26:57 2020
| Host         : DESKTOP-7HKPNHK running 64-bit major release  (build 9200)
| Command      : upgrade_ip
| Device       : xc7z020clg400-1
------------------------------------------------------------------------------------

Upgrade Log for IP 'design_1_edge_detect_0_0'

1. Summary
----------

SUCCESS in the conversion of design_1_edge_detect_0_0 (xilinx.com:user:edge_detect:1.0 (Rev. 1)) to Vivado generation flows.






Copyright 1986-2019 Xilinx, Inc. All Rights Reserved.
------------------------------------------------------------------------------------
| Tool Version : Vivado v.2019.1 (win64) Build 2552052 Fri May 24 14:49:42 MDT 2019
| Date         : Mon Apr 27 02:26:57 2020
| Host         : DESKTOP-7HKPNHK running 64-bit major release  (build 9200)
| Command      : upgrade_ip
| Device       : xc7z020clg400-1
------------------------------------------------------------------------------------

Upgrade Log for IP 'design_1_axi_interconnect_1_0'

1. Summary
----------

SUCCESS in the conversion of design_1_axi_interconnect_1_0 (xilinx.com:ip:axi_interconnect:2.1 (Rev. 20)) to Vivado generation flows.






Copyright 1986-2019 Xilinx, Inc. All Rights Reserved.
------------------------------------------------------------------------------------
| Tool Version : Vivado v.2019.1 (win64) Build 2552052 Fri May 24 14:49:42 MDT 2019
| Date         : Mon Apr 27 02:26:57 2020
| Host         : DESKTOP-7HKPNHK running 64-bit major release  (build 9200)
| Command      : upgrade_ip
| Device       : xc7z020clg400-1
------------------------------------------------------------------------------------

Upgrade Log for IP 'design_1_axi_interconnect_0_0'

1. Summary
----------

SUCCESS in the conversion of design_1_axi_interconnect_0_0 (xilinx.com:ip:axi_interconnect:2.1 (Rev. 20)) to Vivado generation flows.






Copyright 1986-2019 Xilinx, Inc. All Rights Reserved.
------------------------------------------------------------------------------------
| Tool Version : Vivado v.2019.1 (win64) Build 2552052 Fri May 24 14:49:42 MDT 2019
| Date         : Mon Apr 27 02:26:57 2020
| Host         : DESKTOP-7HKPNHK running 64-bit major release  (build 9200)
| Command      : upgrade_ip
| Device       : xc7z020clg400-1
------------------------------------------------------------------------------------

Upgrade Log for IP 'design_1_axi_gpio_0_0'

1. Summary
----------

SUCCESS in the conversion of design_1_axi_gpio_0_0 (xilinx.com:ip:axi_gpio:2.0 (Rev. 21)) to Vivado generation flows.






Copyright 1986-2019 Xilinx, Inc. All Rights Reserved.
------------------------------------------------------------------------------------
| Tool Version : Vivado v.2019.1 (win64) Build 2552052 Fri May 24 14:49:42 MDT 2019
| Date         : Mon Apr 27 02:26:57 2020
| Host         : DESKTOP-7HKPNHK running 64-bit major release  (build 9200)
| Command      : upgrade_ip
| Device       : xc7z020clg400-1
------------------------------------------------------------------------------------

Upgrade Log for IP 'design_1_axi_dma_0_0'

1. Summary
----------

SUCCESS in the conversion of design_1_axi_dma_0_0 (xilinx.com:ip:axi_dma:7.1 (Rev. 20)) to Vivado generation flows.






Copyright 1986-2019 Xilinx, Inc. All Rights Reserved.
------------------------------------------------------------------------------------
| Tool Version : Vivado v.2019.1 (win64) Build 2552052 Fri May 24 14:49:42 MDT 2019
| Date         : Mon Apr 27 01:09:04 2020
| Host         : DESKTOP-7HKPNHK running 64-bit major release  (build 9200)
| Command      : upgrade_ip
| Device       : xc7z020clg484-1
------------------------------------------------------------------------------------

Upgrade Log for IP 'design_1_xlconcat_0_0'

1. Summary
----------

SUCCESS in the upgrade of design_1_xlconcat_0_0 (xilinx.com:ip:xlconcat:2.1) from (Rev. 1) to (Rev. 3)






Copyright 1986-2019 Xilinx, Inc. All Rights Reserved.
------------------------------------------------------------------------------------
| Tool Version : Vivado v.2019.1 (win64) Build 2552052 Fri May 24 14:49:42 MDT 2019
| Date         : Mon Apr 27 01:09:04 2020
| Host         : DESKTOP-7HKPNHK running 64-bit major release  (build 9200)
| Command      : upgrade_ip
| Device       : xc7z020clg484-1
------------------------------------------------------------------------------------

Upgrade Log for IP 'design_1_xfft_0_0'

1. Summary
----------

SUCCESS in the upgrade of design_1_xfft_0_0 from xilinx.com:ip:xfft:9.0 (Rev. 7) to xilinx.com:ip:xfft:9.1 (Rev. 2)






Copyright 1986-2019 Xilinx, Inc. All Rights Reserved.
------------------------------------------------------------------------------------
| Tool Version : Vivado v.2019.1 (win64) Build 2552052 Fri May 24 14:49:42 MDT 2019
| Date         : Mon Apr 27 01:09:04 2020
| Host         : DESKTOP-7HKPNHK running 64-bit major release  (build 9200)
| Command      : upgrade_ip
| Device       : xc7z020clg484-1
------------------------------------------------------------------------------------

Upgrade Log for IP 'design_1_processing_system7_0_0'

1. Summary
----------

SUCCESS in the upgrade of design_1_processing_system7_0_0 (xilinx.com:ip:processing_system7:5.5) from (Rev. 1) to (Rev. 6)

2. Upgrade messages
-------------------

WARNING: upgrade cannot add parameter PCW_TRACE_INTERNAL_WIDTH with default value 32 : a parameter called PCW_TRACE_INTERNAL_WIDTH already exists in processing_system7_v5_5
WARNING: upgrade cannot add parameter PCW_USE_AXI_NONSECURE with default value 0 : a parameter called PCW_USE_AXI_NONSECURE already exists in processing_system7_v5_5
Added parameter PCW_EN_PTP_ENET0 with value 1 (source 'default')
WARNING: upgrade cannot add parameter PCW_EN_PTP_ENET0 with default value 1 : a parameter called PCW_EN_PTP_ENET0 already exists in processing_system7_v5_5
Added parameter PCW_GP0_NUM_WRITE_THREADS with value 4 (source 'default')
Added parameter PCW_GP0_NUM_READ_THREADS with value 4 (source 'default')
Added parameter PCW_GP1_NUM_WRITE_THREADS with value 4 (source 'default')
Added parameter PCW_GP1_NUM_READ_THREADS with value 4 (source 'default')
Added parameter PCW_GP0_EN_MODIFIABLE_TXN with value 0 (source 'default')
Added parameter PCW_GP1_EN_MODIFIABLE_TXN with value 0 (source 'default')






Copyright 1986-2019 Xilinx, Inc. All Rights Reserved.
------------------------------------------------------------------------------------
| Tool Version : Vivado v.2019.1 (win64) Build 2552052 Fri May 24 14:49:42 MDT 2019
| Date         : Mon Apr 27 01:09:04 2020
| Host         : DESKTOP-7HKPNHK running 64-bit major release  (build 9200)
| Command      : upgrade_ip
| Device       : xc7z020clg484-1
------------------------------------------------------------------------------------

Upgrade Log for IP 'design_1_proc_sys_reset_0_0'

1. Summary
----------

SUCCESS in the upgrade of design_1_proc_sys_reset_0_0 (xilinx.com:ip:proc_sys_reset:5.0) from (Rev. 7) to (Rev. 13)






Copyright 1986-2019 Xilinx, Inc. All Rights Reserved.
------------------------------------------------------------------------------------
| Tool Version : Vivado v.2019.1 (win64) Build 2552052 Fri May 24 14:49:42 MDT 2019
| Date         : Mon Apr 27 01:09:04 2020
| Host         : DESKTOP-7HKPNHK running 64-bit major release  (build 9200)
| Command      : upgrade_ip
| Device       : xc7z020clg484-1
------------------------------------------------------------------------------------

Upgrade Log for IP 'design_1_axi_interconnect_1_0'

1. Summary
----------

SUCCESS in the upgrade of design_1_axi_interconnect_1_0 (xilinx.com:ip:axi_interconnect:2.1) from (Rev. 5) to (Rev. 20)






Copyright 1986-2019 Xilinx, Inc. All Rights Reserved.
------------------------------------------------------------------------------------
| Tool Version : Vivado v.2019.1 (win64) Build 2552052 Fri May 24 14:49:42 MDT 2019
| Date         : Mon Apr 27 01:09:04 2020
| Host         : DESKTOP-7HKPNHK running 64-bit major release  (build 9200)
| Command      : upgrade_ip
| Device       : xc7z020clg484-1
------------------------------------------------------------------------------------

Upgrade Log for IP 'design_1_axi_interconnect_0_0'

1. Summary
----------

SUCCESS in the upgrade of design_1_axi_interconnect_0_0 (xilinx.com:ip:axi_interconnect:2.1) from (Rev. 5) to (Rev. 20)






Copyright 1986-2019 Xilinx, Inc. All Rights Reserved.
------------------------------------------------------------------------------------
| Tool Version : Vivado v.2019.1 (win64) Build 2552052 Fri May 24 14:49:42 MDT 2019
| Date         : Mon Apr 27 01:09:04 2020
| Host         : DESKTOP-7HKPNHK running 64-bit major release  (build 9200)
| Command      : upgrade_ip
| Device       : xc7z020clg484-1
------------------------------------------------------------------------------------

Upgrade Log for IP 'design_1_axi_gpio_0_0'

1. Summary
----------

SUCCESS in the upgrade of design_1_axi_gpio_0_0 (xilinx.com:ip:axi_gpio:2.0) from (Rev. 7) to (Rev. 21)






Copyright 1986-2019 Xilinx, Inc. All Rights Reserved.
------------------------------------------------------------------------------------
| Tool Version : Vivado v.2019.1 (win64) Build 2552052 Fri May 24 14:49:42 MDT 2019
| Date         : Mon Apr 27 01:09:04 2020
| Host         : DESKTOP-7HKPNHK running 64-bit major release  (build 9200)
| Command      : upgrade_ip
| Device       : xc7z020clg484-1
------------------------------------------------------------------------------------

Upgrade Log for IP 'design_1_axi_dma_0_0'

1. Summary
----------

SUCCESS in the upgrade of design_1_axi_dma_0_0 (xilinx.com:ip:axi_dma:7.1) from (Rev. 5) to (Rev. 20)

