02:09:43 INFO  : Registering command handlers for SDK TCF services
02:09:45 INFO  : Launching XSCT server: xsct.bat -interactive C:\Users\ghomi\OneDrive\Documents\FPGA\dma_ex_fft\proj\dma_ex_fft_v2_0\dma_ex_fft_v2_0.sdk\temp_xsdb_launch_script.tcl
02:09:50 INFO  : XSCT server has started successfully.
02:09:51 INFO  : Successfully done setting XSCT server connection channel  
02:09:51 INFO  : Successfully done setting SDK workspace  
02:09:51 INFO  : Processing command line option -hwspec C:/Users/ghomi/OneDrive/Documents/FPGA/dma_ex_fft/proj/dma_ex_fft_v2_0/dma_ex_fft_v2_0.sdk/design_1_wrapper.hdf.
02:13:28 INFO  : Inferring section assignments and sizes from elf file: C:\Users\ghomi\OneDrive\Documents\FPGA\dma_ex_fft\proj\dma_ex_fft_v2_0\dma_ex_fft_v2_0.sdk\dma_ex_fft\Debug\dma_ex_fft.elf
02:13:53 INFO  : Successfully generated C:\Users\ghomi\OneDrive\Documents\FPGA\dma_ex_fft\proj\dma_ex_fft_v2_0\dma_ex_fft_v2_0.sdk\dma_ex_fft\src\lscript.ld.
02:13:53 INFO  : Applying linker script to all configurations of project dma_ex_fft.
02:13:53 INFO  : Setting rebuild state to true for all configurations of project dma_ex_fft.
02:14:51 INFO  : Connected to target on host '127.0.0.1' and port '3121'.
02:14:52 INFO  : 'targets -set -filter {jtag_cable_name =~ "Xilinx PYNQ-Z1 003017ADA58EA" && level==0} -index 1' command is executed.
02:14:54 INFO  : FPGA configured successfully with bitstream "C:/Users/ghomi/OneDrive/Documents/FPGA/dma_ex_fft/proj/dma_ex_fft_v2_0/dma_ex_fft_v2_0.sdk/design_1_wrapper_hw_platform_0/design_1_wrapper.bit"
02:15:20 INFO  : 'targets -set -filter {jtag_cable_name =~ "Xilinx PYNQ-Z1 003017ADA58EA" && level==0} -index 1' command is executed.
02:15:20 INFO  : 'fpga -state' command is executed.
02:15:20 INFO  : Connected to target on host '127.0.0.1' and port '3121'.
02:15:20 INFO  : Jtag cable 'Xilinx PYNQ-Z1 003017ADA58EA' is selected.
02:15:20 INFO  : 'jtag frequency' command is executed.
02:15:20 INFO  : Sourcing of 'C:/Users/ghomi/OneDrive/Documents/FPGA/dma_ex_fft/proj/dma_ex_fft_v2_0/dma_ex_fft_v2_0.sdk/design_1_wrapper_hw_platform_0/ps7_init.tcl' is done.
02:15:20 INFO  : Context for 'APU' is selected.
02:15:20 INFO  : Hardware design information is loaded from 'C:/Users/ghomi/OneDrive/Documents/FPGA/dma_ex_fft/proj/dma_ex_fft_v2_0/dma_ex_fft_v2_0.sdk/design_1_wrapper_hw_platform_0/system.hdf'.
02:15:20 INFO  : 'configparams force-mem-access 1' command is executed.
02:15:20 INFO  : Context for 'APU' is selected.
02:15:20 INFO  : 'stop' command is executed.
02:15:21 INFO  : 'ps7_init' command is executed.
02:15:21 INFO  : 'ps7_post_config' command is executed.
02:15:21 INFO  : Context for processor 'ps7_cortexa9_0' is selected.
02:15:21 INFO  : Processor reset is completed for 'ps7_cortexa9_0'.
02:15:21 INFO  : Context for processor 'ps7_cortexa9_0' is selected.
02:15:23 ERROR : Memory write error at 0x100000. APB AP transaction error, DAP status f0000021
02:15:23 INFO  : ----------------XSDB Script----------------
connect -url tcp:127.0.0.1:3121
source C:/Users/ghomi/OneDrive/Documents/FPGA/dma_ex_fft/proj/dma_ex_fft_v2_0/dma_ex_fft_v2_0.sdk/design_1_wrapper_hw_platform_0/ps7_init.tcl
targets -set -nocase -filter {name =~"APU*" && jtag_cable_name =~ "Xilinx PYNQ-Z1 003017ADA58EA"} -index 0
loadhw -hw C:/Users/ghomi/OneDrive/Documents/FPGA/dma_ex_fft/proj/dma_ex_fft_v2_0/dma_ex_fft_v2_0.sdk/design_1_wrapper_hw_platform_0/system.hdf -mem-ranges [list {0x40000000 0xbfffffff}]
configparams force-mem-access 1
targets -set -nocase -filter {name =~"APU*" && jtag_cable_name =~ "Xilinx PYNQ-Z1 003017ADA58EA"} -index 0
stop
ps7_init
ps7_post_config
targets -set -nocase -filter {name =~ "ARM*#0" && jtag_cable_name =~ "Xilinx PYNQ-Z1 003017ADA58EA"} -index 0
rst -processor
targets -set -nocase -filter {name =~ "ARM*#0" && jtag_cable_name =~ "Xilinx PYNQ-Z1 003017ADA58EA"} -index 0
dow C:/Users/ghomi/OneDrive/Documents/FPGA/dma_ex_fft/proj/dma_ex_fft_v2_0/dma_ex_fft_v2_0.sdk/dma_ex_fft/Debug/dma_ex_fft.elf
----------------End of Script----------------

02:16:24 INFO  : Connected to target on host '127.0.0.1' and port '3121'.
02:16:24 INFO  : 'targets -set -filter {jtag_cable_name =~ "Xilinx PYNQ-Z1 003017ADA58EA" && level==0} -index 1' command is executed.
02:16:28 ERROR : fpga configuration failed. DONE PIN is not HIGH
02:17:23 INFO  : Connected to target on host '127.0.0.1' and port '3121'.
02:17:23 INFO  : 'targets -set -filter {jtag_cable_name =~ "Xilinx PYNQ-Z1 003017ADA58EA" && level==0} -index 1' command is executed.
02:17:25 INFO  : FPGA configured successfully with bitstream "C:/Users/ghomi/OneDrive/Documents/FPGA/dma_ex_fft/proj/dma_ex_fft_v2_0/dma_ex_fft_v2_0.sdk/design_1_wrapper_hw_platform_0/design_1_wrapper.bit"
02:17:43 INFO  : 'targets -set -filter {jtag_cable_name =~ "Xilinx PYNQ-Z1 003017ADA58EA" && level==0} -index 1' command is executed.
02:17:43 INFO  : 'fpga -state' command is executed.
02:17:43 INFO  : Connected to target on host '127.0.0.1' and port '3121'.
02:17:43 INFO  : Jtag cable 'Xilinx PYNQ-Z1 003017ADA58EA' is selected.
02:17:43 INFO  : 'jtag frequency' command is executed.
02:17:43 INFO  : Sourcing of 'C:/Users/ghomi/OneDrive/Documents/FPGA/dma_ex_fft/proj/dma_ex_fft_v2_0/dma_ex_fft_v2_0.sdk/design_1_wrapper_hw_platform_0/ps7_init.tcl' is done.
02:17:43 INFO  : Context for 'APU' is selected.
02:17:44 INFO  : Hardware design information is loaded from 'C:/Users/ghomi/OneDrive/Documents/FPGA/dma_ex_fft/proj/dma_ex_fft_v2_0/dma_ex_fft_v2_0.sdk/design_1_wrapper_hw_platform_0/system.hdf'.
02:17:44 INFO  : 'configparams force-mem-access 1' command is executed.
02:17:44 INFO  : Context for 'APU' is selected.
02:17:44 INFO  : 'stop' command is executed.
02:17:44 INFO  : 'ps7_init' command is executed.
02:17:44 INFO  : 'ps7_post_config' command is executed.
02:17:44 INFO  : Context for processor 'ps7_cortexa9_0' is selected.
02:17:44 INFO  : Processor reset is completed for 'ps7_cortexa9_0'.
02:17:44 INFO  : Context for processor 'ps7_cortexa9_0' is selected.
02:17:46 ERROR : Memory write error at 0x100000. APB AP transaction error, DAP status f0000021
02:17:46 INFO  : ----------------XSDB Script----------------
connect -url tcp:127.0.0.1:3121
source C:/Users/ghomi/OneDrive/Documents/FPGA/dma_ex_fft/proj/dma_ex_fft_v2_0/dma_ex_fft_v2_0.sdk/design_1_wrapper_hw_platform_0/ps7_init.tcl
targets -set -nocase -filter {name =~"APU*" && jtag_cable_name =~ "Xilinx PYNQ-Z1 003017ADA58EA"} -index 0
loadhw -hw C:/Users/ghomi/OneDrive/Documents/FPGA/dma_ex_fft/proj/dma_ex_fft_v2_0/dma_ex_fft_v2_0.sdk/design_1_wrapper_hw_platform_0/system.hdf -mem-ranges [list {0x40000000 0xbfffffff}]
configparams force-mem-access 1
targets -set -nocase -filter {name =~"APU*" && jtag_cable_name =~ "Xilinx PYNQ-Z1 003017ADA58EA"} -index 0
stop
ps7_init
ps7_post_config
targets -set -nocase -filter {name =~ "ARM*#0" && jtag_cable_name =~ "Xilinx PYNQ-Z1 003017ADA58EA"} -index 0
rst -processor
targets -set -nocase -filter {name =~ "ARM*#0" && jtag_cable_name =~ "Xilinx PYNQ-Z1 003017ADA58EA"} -index 0
dow C:/Users/ghomi/OneDrive/Documents/FPGA/dma_ex_fft/proj/dma_ex_fft_v2_0/dma_ex_fft_v2_0.sdk/dma_ex_fft/Debug/dma_ex_fft.elf
----------------End of Script----------------

02:19:39 INFO  : 'targets -set -filter {jtag_cable_name =~ "Xilinx PYNQ-Z1 003017ADA58EA" && level==0} -index 1' command is executed.
02:19:39 INFO  : 'fpga -state' command is executed.
02:19:39 INFO  : Connected to target on host '127.0.0.1' and port '3121'.
02:19:40 INFO  : Jtag cable 'Xilinx PYNQ-Z1 003017ADA58EA' is selected.
02:19:40 INFO  : 'jtag frequency' command is executed.
02:19:40 INFO  : Sourcing of 'C:/Users/ghomi/OneDrive/Documents/FPGA/dma_ex_fft/proj/dma_ex_fft_v2_0/dma_ex_fft_v2_0.sdk/design_1_wrapper_hw_platform_0/ps7_init.tcl' is done.
02:19:40 INFO  : Context for 'APU' is selected.
02:19:40 INFO  : Hardware design information is loaded from 'C:/Users/ghomi/OneDrive/Documents/FPGA/dma_ex_fft/proj/dma_ex_fft_v2_0/dma_ex_fft_v2_0.sdk/design_1_wrapper_hw_platform_0/system.hdf'.
02:19:40 INFO  : 'configparams force-mem-access 1' command is executed.
02:19:40 INFO  : Context for 'APU' is selected.
02:19:40 INFO  : 'stop' command is executed.
02:19:40 ERROR : AP transaction error, DAP status f0000021
02:19:40 INFO  : ----------------XSDB Script----------------
connect -url tcp:127.0.0.1:3121
source C:/Users/ghomi/OneDrive/Documents/FPGA/dma_ex_fft/proj/dma_ex_fft_v2_0/dma_ex_fft_v2_0.sdk/design_1_wrapper_hw_platform_0/ps7_init.tcl
targets -set -nocase -filter {name =~"APU*" && jtag_cable_name =~ "Xilinx PYNQ-Z1 003017ADA58EA"} -index 0
loadhw -hw C:/Users/ghomi/OneDrive/Documents/FPGA/dma_ex_fft/proj/dma_ex_fft_v2_0/dma_ex_fft_v2_0.sdk/design_1_wrapper_hw_platform_0/system.hdf -mem-ranges [list {0x40000000 0xbfffffff}]
configparams force-mem-access 1
targets -set -nocase -filter {name =~"APU*" && jtag_cable_name =~ "Xilinx PYNQ-Z1 003017ADA58EA"} -index 0
stop
ps7_init
----------------End of Script----------------

02:54:43 INFO  : SDK has detected change in the last modified timestamps for source hardware specification file Source:1587970246005,  Project:1587967667226
02:54:43 INFO  : Project design_1_wrapper_hw_platform_0's source hardware specification located at C:/Users/ghomi/OneDrive/Documents/FPGA/dma_ex_fft/proj/dma_ex_fft_v2_0/dma_ex_fft_v2_0.sdk/design_1_wrapper.hdf is now different from the local copy.
		 The local copy will be replaced with the source specification and your workspace will be updated.
02:55:02 INFO  : Project design_1_wrapper_hw_platform_0's source hardware specification location will not be monitored anymore.
02:55:26 INFO  : Launching XSCT server: xsct.bat -interactive C:\Users\ghomi\OneDrive\Documents\FPGA\dma_ex_fft\proj\dma_ex_fft_v2_0\dma_ex_fft_v2_0.sdk\temp_xsdb_launch_script.tcl
02:55:29 INFO  : XSCT server has started successfully.
02:55:30 INFO  : Successfully done setting XSCT server connection channel  
02:55:30 INFO  : Successfully done setting SDK workspace  
02:55:41 INFO  : Registering command handlers for SDK TCF services
02:55:41 INFO  : Processing command line option -hwspec C:/Users/ghomi/OneDrive/Documents/FPGA/dma_ex_fft/proj/dma_ex_fft_v2_0/dma_ex_fft_v2_0.sdk/design_1_wrapper.hdf.
02:59:32 INFO  : Inferring section assignments and sizes from elf file: C:\Users\ghomi\OneDrive\Documents\FPGA\dma_ex_fft\proj\dma_ex_fft_v2_0\dma_ex_fft_v2_0.sdk\dma_ex_fft\Debug\dma_ex_fft.elf
02:59:47 INFO  : Successfully generated C:\Users\ghomi\OneDrive\Documents\FPGA\dma_ex_fft\proj\dma_ex_fft_v2_0\dma_ex_fft_v2_0.sdk\dma_ex_fft\src\lscript.ld.
02:59:47 INFO  : Applying linker script to all configurations of project dma_ex_fft.
02:59:47 INFO  : Setting rebuild state to true for all configurations of project dma_ex_fft.
03:00:07 INFO  : Connected to target on host '127.0.0.1' and port '3121'.
03:00:08 INFO  : 'targets -set -filter {jtag_cable_name =~ "Xilinx PYNQ-Z1 003017ADA58EA" && level==0} -index 1' command is executed.
03:00:11 INFO  : FPGA configured successfully with bitstream "C:/Users/ghomi/OneDrive/Documents/FPGA/dma_ex_fft/proj/dma_ex_fft_v2_0/dma_ex_fft_v2_0.sdk/design_1_wrapper_hw_platform_1/design_1_wrapper.bit"
03:00:45 INFO  : Connected to target on host '127.0.0.1' and port '3121'.
03:00:45 INFO  : 'targets -set -filter {jtag_cable_name =~ "Xilinx PYNQ-Z1 003017ADA58EA" && level==0} -index 1' command is executed.
03:00:47 INFO  : FPGA configured successfully with bitstream "C:/Users/ghomi/OneDrive/Documents/FPGA/dma_ex_fft/proj/dma_ex_fft_v2_0/dma_ex_fft_v2_0.sdk/design_1_wrapper_hw_platform_1/design_1_wrapper.bit"
03:00:59 INFO  : 'targets -set -filter {jtag_cable_name =~ "Xilinx PYNQ-Z1 003017ADA58EA" && level==0} -index 1' command is executed.
03:00:59 INFO  : 'fpga -state' command is executed.
03:00:59 INFO  : Connected to target on host '127.0.0.1' and port '3121'.
03:00:59 INFO  : Jtag cable 'Xilinx PYNQ-Z1 003017ADA58EA' is selected.
03:00:59 INFO  : 'jtag frequency' command is executed.
03:00:59 INFO  : Sourcing of 'C:/Users/ghomi/OneDrive/Documents/FPGA/dma_ex_fft/proj/dma_ex_fft_v2_0/dma_ex_fft_v2_0.sdk/design_1_wrapper_hw_platform_1/ps7_init.tcl' is done.
03:00:59 INFO  : Context for 'APU' is selected.
03:00:59 INFO  : Hardware design information is loaded from 'C:/Users/ghomi/OneDrive/Documents/FPGA/dma_ex_fft/proj/dma_ex_fft_v2_0/dma_ex_fft_v2_0.sdk/design_1_wrapper_hw_platform_1/system.hdf'.
03:00:59 INFO  : 'configparams force-mem-access 1' command is executed.
03:00:59 INFO  : Context for 'APU' is selected.
03:00:59 INFO  : 'stop' command is executed.
03:01:00 INFO  : 'ps7_init' command is executed.
03:01:00 INFO  : 'ps7_post_config' command is executed.
03:01:00 INFO  : Context for processor 'ps7_cortexa9_0' is selected.
03:01:00 INFO  : Processor reset is completed for 'ps7_cortexa9_0'.
03:01:00 INFO  : Context for processor 'ps7_cortexa9_0' is selected.
03:01:02 ERROR : Memory write error at 0x100000. APB AP transaction error, DAP status f0000021
03:01:02 INFO  : ----------------XSDB Script----------------
connect -url tcp:127.0.0.1:3121
source C:/Users/ghomi/OneDrive/Documents/FPGA/dma_ex_fft/proj/dma_ex_fft_v2_0/dma_ex_fft_v2_0.sdk/design_1_wrapper_hw_platform_1/ps7_init.tcl
targets -set -nocase -filter {name =~"APU*" && jtag_cable_name =~ "Xilinx PYNQ-Z1 003017ADA58EA"} -index 0
loadhw -hw C:/Users/ghomi/OneDrive/Documents/FPGA/dma_ex_fft/proj/dma_ex_fft_v2_0/dma_ex_fft_v2_0.sdk/design_1_wrapper_hw_platform_1/system.hdf -mem-ranges [list {0x40000000 0xbfffffff}]
configparams force-mem-access 1
targets -set -nocase -filter {name =~"APU*" && jtag_cable_name =~ "Xilinx PYNQ-Z1 003017ADA58EA"} -index 0
stop
ps7_init
ps7_post_config
targets -set -nocase -filter {name =~ "ARM*#0" && jtag_cable_name =~ "Xilinx PYNQ-Z1 003017ADA58EA"} -index 0
rst -processor
targets -set -nocase -filter {name =~ "ARM*#0" && jtag_cable_name =~ "Xilinx PYNQ-Z1 003017ADA58EA"} -index 0
dow C:/Users/ghomi/OneDrive/Documents/FPGA/dma_ex_fft/proj/dma_ex_fft_v2_0/dma_ex_fft_v2_0.sdk/dma_ex_fft/Debug/dma_ex_fft.elf
----------------End of Script----------------

03:01:43 INFO  : 'targets -set -filter {jtag_cable_name =~ "Xilinx PYNQ-Z1 003017ADA58EA" && level==0} -index 1' command is executed.
03:01:43 INFO  : 'fpga -state' command is executed.
03:01:43 INFO  : Connected to target on host '127.0.0.1' and port '3121'.
03:01:43 INFO  : Jtag cable 'Xilinx PYNQ-Z1 003017ADA58EA' is selected.
03:01:43 INFO  : 'jtag frequency' command is executed.
03:01:43 INFO  : Sourcing of 'C:/Users/ghomi/OneDrive/Documents/FPGA/dma_ex_fft/proj/dma_ex_fft_v2_0/dma_ex_fft_v2_0.sdk/design_1_wrapper_hw_platform_1/ps7_init.tcl' is done.
03:01:43 INFO  : Context for 'APU' is selected.
03:01:43 INFO  : Hardware design information is loaded from 'C:/Users/ghomi/OneDrive/Documents/FPGA/dma_ex_fft/proj/dma_ex_fft_v2_0/dma_ex_fft_v2_0.sdk/design_1_wrapper_hw_platform_1/system.hdf'.
03:01:43 INFO  : 'configparams force-mem-access 1' command is executed.
03:01:43 INFO  : Context for 'APU' is selected.
03:01:43 INFO  : 'stop' command is executed.
03:01:43 ERROR : AP transaction error, DAP status f0000021
03:01:43 INFO  : ----------------XSDB Script----------------
connect -url tcp:127.0.0.1:3121
source C:/Users/ghomi/OneDrive/Documents/FPGA/dma_ex_fft/proj/dma_ex_fft_v2_0/dma_ex_fft_v2_0.sdk/design_1_wrapper_hw_platform_1/ps7_init.tcl
targets -set -nocase -filter {name =~"APU*" && jtag_cable_name =~ "Xilinx PYNQ-Z1 003017ADA58EA"} -index 0
loadhw -hw C:/Users/ghomi/OneDrive/Documents/FPGA/dma_ex_fft/proj/dma_ex_fft_v2_0/dma_ex_fft_v2_0.sdk/design_1_wrapper_hw_platform_1/system.hdf -mem-ranges [list {0x40000000 0xbfffffff}]
configparams force-mem-access 1
targets -set -nocase -filter {name =~"APU*" && jtag_cable_name =~ "Xilinx PYNQ-Z1 003017ADA58EA"} -index 0
stop
ps7_init
----------------End of Script----------------

